[31mLevel:[error] LogTime: [10/01/2023] Message:-[uncaughtException: mongoose is not defined[39m
[31mReferenceError: mongoose is not defined[39m
[31m    at file:///C:/Users/stern/develop/Test_technique/chicken-run/src/app.js:14:1[39m
[31m    at ModuleJob.run (node:internal/modules/esm/module_job:193:25)[39m
[31m    at async Promise.all (index 0)[39m
[31m    at async ESMLoader.import (node:internal/modules/esm/loader:526:24)[39m
[31m    at async loadESM (node:internal/process/esm_loader:91:5)[39m
[31m    at async handleMainPromise (node:internal/modules/run_main:65:12)][39m
[31mLevel:[error] LogTime: [10/01/2023] Message:-[uncaughtException: mongoose is not defined[39m
[31mReferenceError: mongoose is not defined[39m
[31m    at file:///C:/Users/stern/develop/Test_technique/chicken-run/src/app.js:14:1[39m
[31m    at ModuleJob.run (node:internal/modules/esm/module_job:193:25)[39m
[31m    at async Promise.all (index 0)[39m
[31m    at async ESMLoader.import (node:internal/modules/esm/loader:526:24)[39m
[31m    at async loadESM (node:internal/process/esm_loader:91:5)[39m
[31m    at async handleMainPromise (node:internal/modules/run_main:65:12)][39m
[31mLevel:[error] LogTime: [10/01/2023] Message:-[uncaughtException: mongoose is not defined[39m
[31mReferenceError: mongoose is not defined[39m
[31m    at file:///C:/Users/stern/develop/Test_technique/chicken-run/src/app.js:14:1[39m
[31m    at ModuleJob.run (node:internal/modules/esm/module_job:193:25)[39m
[31m    at async Promise.all (index 0)[39m
[31m    at async ESMLoader.import (node:internal/modules/esm/loader:526:24)[39m
[31m    at async loadESM (node:internal/process/esm_loader:91:5)[39m
[31m    at async handleMainPromise (node:internal/modules/run_main:65:12)][39m
